ERROR - 2023-04-10 10:50:25 --> mysqli_sql_exception: Table 'pertemuan1.tbl_fitrah' doesn't exist in C:\Users\Hilwa\Zakat-HafizNuruliman-master\Zakat-HafizNuruliman-master\system\Database\MySQLi\Connection.php:292
Stack trace:
#0 C:\Users\Hilwa\Zakat-HafizNuruliman-master\Zakat-HafizNuruliman-master\system\Database\MySQLi\Connection.php(292): mysqli->query('select * from t...', 0)
#1 C:\Users\Hilwa\Zakat-HafizNuruliman-master\Zakat-HafizNuruliman-master\system\Database\BaseConnection.php(666): CodeIgniter\Database\MySQLi\Connection->execute('select * from t...')
#2 C:\Users\Hilwa\Zakat-HafizNuruliman-master\Zakat-HafizNuruliman-master\system\Database\BaseConnection.php(593): CodeIgniter\Database\BaseConnection->simpleQuery('select * from t...')
#3 C:\Users\Hilwa\Zakat-HafizNuruliman-master\Zakat-HafizNuruliman-master\app\Models\MData.php(11): CodeIgniter\Database\BaseConnection->query('select * from t...')
#4 C:\Users\Hilwa\Zakat-HafizNuruliman-master\Zakat-HafizNuruliman-master\app\Controllers\Data.php(17): App\Models\MData->getData()
#5 C:\Users\Hilwa\Zakat-HafizNuruliman-master\Zakat-HafizNuruliman-master\system\CodeIgniter.php(927): App\Controllers\Data->index()
#6 C:\Users\Hilwa\Zakat-HafizNuruliman-master\Zakat-HafizNuruliman-master\system\CodeIgniter.php(482): CodeIgniter\CodeIgniter->runController(Object(App\Controllers\Data))
#7 C:\Users\Hilwa\Zakat-HafizNuruliman-master\Zakat-HafizNuruliman-master\system\CodeIgniter.php(351): CodeIgniter\CodeIgniter->handleRequest(NULL, Object(Config\Cache), false)
#8 C:\Users\Hilwa\Zakat-HafizNuruliman-master\Zakat-HafizNuruliman-master\public\index.php(67): CodeIgniter\CodeIgniter->run()
#9 C:\Users\Hilwa\Zakat-HafizNuruliman-master\Zakat-HafizNuruliman-master\system\Commands\Server\rewrite.php(46): require_once('C:\\Users\\Hilwa\\...')
#10 {main}
CRITICAL - 2023-04-10 10:50:25 --> Table 'pertemuan1.tbl_fitrah' doesn't exist
in SYSTEMPATH\Database\MySQLi\Connection.php on line 292.
 1 SYSTEMPATH\Database\MySQLi\Connection.php(292): mysqli->query('select * from tbl_fitrah', 0)
 2 SYSTEMPATH\Database\BaseConnection.php(666): CodeIgniter\Database\MySQLi\Connection->execute('select * from tbl_fitrah')
 3 SYSTEMPATH\Database\BaseConnection.php(593): CodeIgniter\Database\BaseConnection->simpleQuery('select * from tbl_fitrah')
 4 APPPATH\Models\MData.php(11): CodeIgniter\Database\BaseConnection->query('select * from tbl_fitrah')
 5 APPPATH\Controllers\Data.php(17): App\Models\MData->getData()
 6 SYSTEMPATH\CodeIgniter.php(927): App\Controllers\Data->index()
 7 SYSTEMPATH\CodeIgniter.php(482): CodeIgniter\CodeIgniter->runController(Object(App\Controllers\Data))
 8 SYSTEMPATH\CodeIgniter.php(351): CodeIgniter\CodeIgniter->handleRequest(null, Object(Config\Cache), false)
 9 FCPATH\index.php(67): CodeIgniter\CodeIgniter->run()
10 SYSTEMPATH\Commands\Server\rewrite.php(46): require_once('FCPATH\\index.php')
ERROR - 2023-04-10 10:58:42 --> mysqli_sql_exception: Table 'pertemuan1.tbl_fitrah' doesn't exist in C:\Users\Hilwa\Zakat-HafizNuruliman-master\Zakat-HafizNuruliman-master\system\Database\MySQLi\Connection.php:292
Stack trace:
#0 C:\Users\Hilwa\Zakat-HafizNuruliman-master\Zakat-HafizNuruliman-master\system\Database\MySQLi\Connection.php(292): mysqli->query('select * from t...', 0)
#1 C:\Users\Hilwa\Zakat-HafizNuruliman-master\Zakat-HafizNuruliman-master\system\Database\BaseConnection.php(666): CodeIgniter\Database\MySQLi\Connection->execute('select * from t...')
#2 C:\Users\Hilwa\Zakat-HafizNuruliman-master\Zakat-HafizNuruliman-master\system\Database\BaseConnection.php(593): CodeIgniter\Database\BaseConnection->simpleQuery('select * from t...')
#3 C:\Users\Hilwa\Zakat-HafizNuruliman-master\Zakat-HafizNuruliman-master\app\Models\MData.php(11): CodeIgniter\Database\BaseConnection->query('select * from t...')
#4 C:\Users\Hilwa\Zakat-HafizNuruliman-master\Zakat-HafizNuruliman-master\app\Controllers\Data.php(17): App\Models\MData->getData()
#5 C:\Users\Hilwa\Zakat-HafizNuruliman-master\Zakat-HafizNuruliman-master\system\CodeIgniter.php(927): App\Controllers\Data->index()
#6 C:\Users\Hilwa\Zakat-HafizNuruliman-master\Zakat-HafizNuruliman-master\system\CodeIgniter.php(482): CodeIgniter\CodeIgniter->runController(Object(App\Controllers\Data))
#7 C:\Users\Hilwa\Zakat-HafizNuruliman-master\Zakat-HafizNuruliman-master\system\CodeIgniter.php(351): CodeIgniter\CodeIgniter->handleRequest(NULL, Object(Config\Cache), false)
#8 C:\Users\Hilwa\Zakat-HafizNuruliman-master\Zakat-HafizNuruliman-master\public\index.php(67): CodeIgniter\CodeIgniter->run()
#9 C:\Users\Hilwa\Zakat-HafizNuruliman-master\Zakat-HafizNuruliman-master\system\Commands\Server\rewrite.php(46): require_once('C:\\Users\\Hilwa\\...')
#10 {main}
CRITICAL - 2023-04-10 10:58:42 --> Table 'pertemuan1.tbl_fitrah' doesn't exist
in SYSTEMPATH\Database\MySQLi\Connection.php on line 292.
 1 SYSTEMPATH\Database\MySQLi\Connection.php(292): mysqli->query('select * from tbl_fitrah', 0)
 2 SYSTEMPATH\Database\BaseConnection.php(666): CodeIgniter\Database\MySQLi\Connection->execute('select * from tbl_fitrah')
 3 SYSTEMPATH\Database\BaseConnection.php(593): CodeIgniter\Database\BaseConnection->simpleQuery('select * from tbl_fitrah')
 4 APPPATH\Models\MData.php(11): CodeIgniter\Database\BaseConnection->query('select * from tbl_fitrah')
 5 APPPATH\Controllers\Data.php(17): App\Models\MData->getData()
 6 SYSTEMPATH\CodeIgniter.php(927): App\Controllers\Data->index()
 7 SYSTEMPATH\CodeIgniter.php(482): CodeIgniter\CodeIgniter->runController(Object(App\Controllers\Data))
 8 SYSTEMPATH\CodeIgniter.php(351): CodeIgniter\CodeIgniter->handleRequest(null, Object(Config\Cache), false)
 9 FCPATH\index.php(67): CodeIgniter\CodeIgniter->run()
10 SYSTEMPATH\Commands\Server\rewrite.php(46): require_once('FCPATH\\index.php')
ERROR - 2023-04-10 10:58:48 --> mysqli_sql_exception: Table 'pertemuan1.tbl_fitrah' doesn't exist in C:\Users\Hilwa\Zakat-HafizNuruliman-master\Zakat-HafizNuruliman-master\system\Database\MySQLi\Connection.php:292
Stack trace:
#0 C:\Users\Hilwa\Zakat-HafizNuruliman-master\Zakat-HafizNuruliman-master\system\Database\MySQLi\Connection.php(292): mysqli->query('select * from t...', 0)
#1 C:\Users\Hilwa\Zakat-HafizNuruliman-master\Zakat-HafizNuruliman-master\system\Database\BaseConnection.php(666): CodeIgniter\Database\MySQLi\Connection->execute('select * from t...')
#2 C:\Users\Hilwa\Zakat-HafizNuruliman-master\Zakat-HafizNuruliman-master\system\Database\BaseConnection.php(593): CodeIgniter\Database\BaseConnection->simpleQuery('select * from t...')
#3 C:\Users\Hilwa\Zakat-HafizNuruliman-master\Zakat-HafizNuruliman-master\app\Models\MData.php(11): CodeIgniter\Database\BaseConnection->query('select * from t...')
#4 C:\Users\Hilwa\Zakat-HafizNuruliman-master\Zakat-HafizNuruliman-master\app\Controllers\Data.php(17): App\Models\MData->getData()
#5 C:\Users\Hilwa\Zakat-HafizNuruliman-master\Zakat-HafizNuruliman-master\system\CodeIgniter.php(927): App\Controllers\Data->index()
#6 C:\Users\Hilwa\Zakat-HafizNuruliman-master\Zakat-HafizNuruliman-master\system\CodeIgniter.php(482): CodeIgniter\CodeIgniter->runController(Object(App\Controllers\Data))
#7 C:\Users\Hilwa\Zakat-HafizNuruliman-master\Zakat-HafizNuruliman-master\system\CodeIgniter.php(351): CodeIgniter\CodeIgniter->handleRequest(NULL, Object(Config\Cache), false)
#8 C:\Users\Hilwa\Zakat-HafizNuruliman-master\Zakat-HafizNuruliman-master\public\index.php(67): CodeIgniter\CodeIgniter->run()
#9 C:\Users\Hilwa\Zakat-HafizNuruliman-master\Zakat-HafizNuruliman-master\system\Commands\Server\rewrite.php(46): require_once('C:\\Users\\Hilwa\\...')
#10 {main}
CRITICAL - 2023-04-10 10:58:48 --> Table 'pertemuan1.tbl_fitrah' doesn't exist
in SYSTEMPATH\Database\MySQLi\Connection.php on line 292.
 1 SYSTEMPATH\Database\MySQLi\Connection.php(292): mysqli->query('select * from tbl_fitrah', 0)
 2 SYSTEMPATH\Database\BaseConnection.php(666): CodeIgniter\Database\MySQLi\Connection->execute('select * from tbl_fitrah')
 3 SYSTEMPATH\Database\BaseConnection.php(593): CodeIgniter\Database\BaseConnection->simpleQuery('select * from tbl_fitrah')
 4 APPPATH\Models\MData.php(11): CodeIgniter\Database\BaseConnection->query('select * from tbl_fitrah')
 5 APPPATH\Controllers\Data.php(17): App\Models\MData->getData()
 6 SYSTEMPATH\CodeIgniter.php(927): App\Controllers\Data->index()
 7 SYSTEMPATH\CodeIgniter.php(482): CodeIgniter\CodeIgniter->runController(Object(App\Controllers\Data))
 8 SYSTEMPATH\CodeIgniter.php(351): CodeIgniter\CodeIgniter->handleRequest(null, Object(Config\Cache), false)
 9 FCPATH\index.php(67): CodeIgniter\CodeIgniter->run()
10 SYSTEMPATH\Commands\Server\rewrite.php(46): require_once('FCPATH\\index.php')
